[INFO] 2025-06-12 17:36:07,221 lis_skins_api: Downloading data from Lis-Skins...
[INFO] 2025-06-12 17:36:20,072 lis_skins_api: Data successfully received (update: 2025-06-12)
[INFO] 2025-06-12 17:36:32,590 lis_skins_api: Raw data saved to data/lis-skins/snapshot/cs_market/latest/lis_skins_latest.json
[INFO] 2025-06-12 17:43:29,434 lis_skins_api: Downloading data from Lis-Skins...
[INFO] 2025-06-12 17:43:42,308 lis_skins_api: Data successfully received (update: 2025-06-12)
[ERROR] 2025-06-12 17:43:42,308 lis_skins_api: Unexpected error: type object 'datetime.datetime' has no attribute 'datetime'
[INFO] 2025-06-12 17:45:05,140 lis_skins_api: Downloading data from Lis-Skins...
[INFO] 2025-06-12 17:45:18,832 lis_skins_api: Data successfully received (update: 2025-06-12)
[INFO] 2025-06-12 17:45:32,172 lis_skins_api: Raw data saved to data/lis-skins/items/lis_skins_2025-06-12_17-45-18.json
[INFO] 2025-06-12 18:07:32,975 lis_skins_api: Downloading data from Lis-Skins...
[INFO] 2025-06-12 18:07:46,438 lis_skins_api: Data successfully received (update: 2025-06-12)
[INFO] 2025-06-12 18:07:59,046 lis_skins_api: Raw data saved to data/lis-skins/items/lis_skins_2025-06-12_18-07-46.json
[INFO] 2025-06-12 18:28:13,181 lis_skins_api: Downloading data from Lis-Skins...
[INFO] 2025-06-12 18:28:25,658 lis_skins_api: Data successfully received (update: 2025-06-12)
[INFO] 2025-06-12 18:28:38,260 lis_skins_api: Raw data saved to data/lis-skins/items/lis_skins_2025-06-12_18-28-25.json
[INFO] 2025-06-12 18:31:26,063 lis_skins_api: Downloading data from Lis-Skins...
[INFO] 2025-06-12 18:31:38,561 lis_skins_api: Data successfully received (update: 2025-06-12)
[INFO] 2025-06-12 18:31:51,053 lis_skins_api: Raw data saved to data/lis-skins/items/lis_skins_2025-06-12_18-31-38.json
[INFO] 2025-06-12 18:34:59,703 lis_skins_api: Downloading data from Lis-Skins...
[INFO] 2025-06-12 18:35:11,567 lis_skins_api: Data successfully received (update: 2025-06-12)
[INFO] 2025-06-12 18:35:24,242 lis_skins_api: Raw data saved to data/lis-skins/items/lis_skins_2025-06-12_18-35-11.json
[INFO] 2025-06-12 18:42:03,073 lis_skins_api: Downloading data from Lis-Skins...
[INFO] 2025-06-12 18:42:16,022 lis_skins_api: Data successfully received (update: 2025-06-12)
[INFO] 2025-06-12 18:42:28,611 lis_skins_api: Raw data saved to data/lis-skins/items/lis_skins_2025-06-12_18-42-16.json
[INFO] 2025-06-12 18:44:18,216 lis_skins_api: Downloading data from Lis-Skins...
[INFO] 2025-06-12 18:44:30,279 lis_skins_api: Data successfully received (update: 2025-06-12)
[INFO] 2025-06-12 18:44:42,878 lis_skins_api: Raw data saved to data/lis-skins/items/lis_skins_2025-06-12_18-44-30.json
