[INFO] 2025-06-12 18:28:01,115 market_analysis: Fetching market data...
[ERROR] 2025-06-12 18:28:01,115 market_analysis: Analysis pipeline failed: type object 'LisSkinsAPI' has no attribute 'fetch_market_data'
[INFO] 2025-06-12 18:28:13,178 market_analysis: Fetching market data...
[INFO] 2025-06-12 18:28:39,324 market_analysis: Analyzing opportunities...
[ERROR] 2025-06-12 18:28:41,358 market_analysis: Analysis pipeline failed: 'min_quantity'
[INFO] 2025-06-12 18:31:26,060 market_analysis: Fetching market data...
[INFO] 2025-06-12 18:31:52,227 market_analysis: Analyzing opportunities...
[INFO] 2025-06-12 18:31:54,262 market_analysis: Generating report...
[ERROR] 2025-06-12 18:31:54,268 market_analysis: Analysis pipeline failed: expected token 'end of print statement', got ':'
[INFO] 2025-06-12 18:34:59,700 market_analysis: Fetching market data...
[INFO] 2025-06-12 18:35:25,447 market_analysis: Analyzing opportunities...
[INFO] 2025-06-12 18:35:27,490 market_analysis: Generating report...
[INFO] 2025-06-12 18:35:27,500 market_analysis: Report generated at data/reports/market_opportunities_20250612_1835.html
[INFO] 2025-06-12 18:42:03,070 market_analysis: Fetching market data...
[INFO] 2025-06-12 18:42:29,744 market_analysis: Analyzing opportunities...
[ERROR] 2025-06-12 18:42:31,774 market_analysis: Analysis pipeline failed: 'commission_rate'
[INFO] 2025-06-12 18:44:18,213 market_analysis: Fetching market data...
[INFO] 2025-06-12 18:44:44,080 market_analysis: Analyzing opportunities...
[INFO] 2025-06-12 18:44:46,110 market_analysis: Generating report...
[INFO] 2025-06-12 18:44:46,120 market_analysis: Report generated at data/html_report/market_opportunities_20250612_1844.html
[INFO] 2025-06-13 11:49:47,895 market_analysis: Fetching market data...
[ERROR] 2025-06-13 11:50:24,891 market_analysis: Analysis pipeline failed: Failed to fetch market data
[INFO] 2025-06-13 11:55:57,201 market_analysis: Fetching market data...
[ERROR] 2025-06-13 11:56:23,543 market_analysis: Analysis pipeline failed: Failed to fetch market data
[INFO] 2025-06-13 13:53:25,472 market_analysis: Fetching market data...
[INFO] 2025-06-13 13:53:52,855 market_analysis: Analyzing opportunities...
[INFO] 2025-06-13 13:53:54,888 market_analysis: Generating report...
[INFO] 2025-06-13 13:53:54,900 market_analysis: Report generated at data/html_report/market_opportunities_20250613_1353.html
[INFO] 2025-06-13 13:56:30,441 market_analysis: Fetching market data...
[INFO] 2025-06-13 13:56:56,092 market_analysis: Analyzing opportunities...
[INFO] 2025-06-13 13:56:58,122 market_analysis: Generating report...
[INFO] 2025-06-13 13:56:58,132 market_analysis: Report generated at data/html_report/market_opportunities.html
