[INFO] 2025-06-13 13:48:05,346 market_engine: Starting market engine. Cycle interval: 300s
[INFO] 2025-06-13 13:48:05,346 market_engine: Fetching data from Skinport...
[INFO] 2025-06-13 13:48:05,346 market_engine: Fetching data from LisSkins...
[INFO] 2025-06-13 13:48:06,489 market_engine: Skinport data fetched successfully
[INFO] 2025-06-13 13:48:29,617 market_engine: LisSkins data fetched successfully
[ERROR] 2025-06-13 13:48:31,711 market_engine: Analysis failed: 'str' object has no attribute 'parent'
[INFO] 2025-06-13 13:48:31,711 market_engine: Next cycle in 273.6s
[INFO] 2025-06-13 13:51:53,463 market_engine: MarketEngine initialized
[INFO] 2025-06-13 13:51:53,463 market_engine: Starting market engine. Cycle interval: 300s
[INFO] 2025-06-13 13:51:53,463 market_engine: ------------------------------------------------------------
[INFO] 2025-06-13 13:51:53,463 market_engine: Starting cycle at 2025-06-13 13:51:53
[INFO] 2025-06-13 13:51:53,463 market_engine: Starting new analysis cycle
[INFO] 2025-06-13 13:51:53,464 market_engine: Starting Skinport data fetch...
[INFO] 2025-06-13 13:51:53,464 market_engine: Starting LisSkins data fetch...
[INFO] 2025-06-13 13:51:54,612 market_engine: Skinport fetch successful (25169 items)
[INFO] 2025-06-13 13:52:18,145 market_engine: LisSkins fetch successful (4 items)
[INFO] 2025-06-13 13:52:18,173 market_engine: Merging market data...
[INFO] 2025-06-13 13:52:20,281 market_engine: Merged data shape: (25636, 9)
[INFO] 2025-06-13 13:52:20,281 market_engine: Analyzing opportunities...
[INFO] 2025-06-13 13:52:20,288 market_engine: Found 10 opportunities
[INFO] 2025-06-13 13:52:20,288 market_engine: Generating report at data/html_report/market_opportunities_20250613_1352.html
[ERROR] 2025-06-13 13:52:20,298 market_engine: Analysis failed: 'str' object has no attribute 'parent'
[INFO] 2025-06-13 13:52:20,299 market_engine: Cycle completed in 26.8s. Next cycle in 273.2s
[INFO] 2025-06-13 14:25:15,356 market_engine: MarketEngine initialized
[INFO] 2025-06-13 14:25:33,502 market_engine: MarketEngine initialized
[INFO] 2025-06-13 14:26:37,222 market_engine: MarketEngine initialized
[INFO] 2025-06-13 14:26:50,568 market_engine: MarketEngine initialized
[INFO] 2025-06-13 14:27:08,179 market_engine: MarketEngine initialized
[INFO] 2025-06-13 14:27:34,987 market_engine: Starting market engine. Cycle interval: 300s
[INFO] 2025-06-13 14:27:34,987 market_engine: ------------------------------------------------------------
[INFO] 2025-06-13 14:27:34,987 market_engine: Starting cycle at 2025-06-13 14:27:34
[INFO] 2025-06-13 14:27:34,987 market_engine: Starting new analysis cycle
[INFO] 2025-06-13 14:27:34,988 market_engine: Starting Skinport data fetch...
[INFO] 2025-06-13 14:27:34,988 market_engine: Starting LisSkins data fetch...
[INFO] 2025-06-13 14:27:36,136 market_engine: Skinport fetch successful (25170 items)
[INFO] 2025-06-13 14:28:00,610 market_engine: LisSkins fetch successful (4 items)
[INFO] 2025-06-13 14:28:00,632 market_engine: Merging market data...
[INFO] 2025-06-13 14:28:02,699 market_engine: Merged data shape: (25636, 9)
[INFO] 2025-06-13 14:28:02,699 market_engine: Analyzing opportunities...
[INFO] 2025-06-13 14:28:02,707 market_engine: Found 10 opportunities
[INFO] 2025-06-13 14:28:02,707 market_engine: Generating report at data/html_report/market_opportunities_20250613_1428.html
[INFO] 2025-06-13 14:28:02,719 market_engine: Report generated: file:///home/danbar/Desktop/skins-trading-bot/data/html_report/market_opportunities_20250613_1428.html
[INFO] 2025-06-13 14:28:03,227 market_engine: Cycle completed in 28.2s. Next cycle in 271.8s
[INFO] 2025-06-13 14:40:21,888 market_engine: MarketEngine initialized
[INFO] 2025-06-13 14:41:51,315 market_engine: MarketEngine initialized
[INFO] 2025-06-13 14:42:34,528 market_engine: MarketEngine initialized
[INFO] 2025-06-13 14:43:15,076 market_engine: MarketEngine initialized
[INFO] 2025-06-13 14:44:15,067 market_engine: MarketEngine initialized
[INFO] 2025-06-13 14:48:18,137 market_engine: MarketEngine initialized
[INFO] 2025-06-13 14:48:19,391 market_engine: Starting market engine. Cycle interval: 300s
[INFO] 2025-06-13 14:48:19,391 market_engine: ------------------------------------------------------------
[INFO] 2025-06-13 14:48:19,392 market_engine: Starting cycle at 2025-06-13 14:48:19
[INFO] 2025-06-13 14:48:19,392 market_engine: Starting new analysis cycle
[INFO] 2025-06-13 14:48:19,392 market_engine: Starting Skinport data fetch...
[INFO] 2025-06-13 14:48:19,392 market_engine: Starting LisSkins data fetch...
[INFO] 2025-06-13 14:48:20,559 market_engine: Skinport fetch successful (25170 items)
[INFO] 2025-06-13 14:48:50,106 market_engine: LisSkins fetch successful (4 items)
[INFO] 2025-06-13 14:48:50,121 market_engine: Merging market data...
[INFO] 2025-06-13 14:48:52,153 market_engine: Merged data shape: (25635, 9)
[INFO] 2025-06-13 14:48:52,153 market_engine: Analyzing opportunities...
[INFO] 2025-06-13 14:48:52,160 market_engine: Found 10 opportunities
[INFO] 2025-06-13 14:48:52,160 market_engine: Generating report at data/html_report/market_opportunities_20250613_1448.html
[INFO] 2025-06-13 14:48:52,170 market_engine: Report generated: file:///home/danbar/Desktop/skins-trading-bot/data/html_report/market_opportunities_20250613_1448.html
[INFO] 2025-06-13 14:48:52,677 market_engine: Cycle completed in 33.3s. Next cycle in 266.7s
[INFO] 2025-06-13 14:50:11,741 market_engine: MarketEngine initialized
[INFO] 2025-06-13 14:50:12,866 market_engine: Starting market engine. Cycle interval: 300s
[INFO] 2025-06-13 14:50:12,866 market_engine: ------------------------------------------------------------
[INFO] 2025-06-13 14:50:12,866 market_engine: Starting cycle at 2025-06-13 14:50:12
[INFO] 2025-06-13 14:50:12,867 market_engine: Starting new analysis cycle
[INFO] 2025-06-13 14:50:12,867 market_engine: Starting Skinport data fetch...
[INFO] 2025-06-13 14:50:12,867 market_engine: Starting LisSkins data fetch...
[INFO] 2025-06-13 14:50:14,298 market_engine: Skinport fetch successful (25171 items)
[INFO] 2025-06-13 14:50:37,914 market_engine: LisSkins fetch successful (4 items)
[INFO] 2025-06-13 14:50:37,915 market_engine: Merging market data...
[INFO] 2025-06-13 14:50:40,011 market_engine: Merged data shape: (25636, 9)
[INFO] 2025-06-13 14:50:40,011 market_engine: Analyzing opportunities...
[INFO] 2025-06-13 14:50:40,019 market_engine: Found 10 opportunities
[INFO] 2025-06-13 14:50:40,019 market_engine: Generating report at data/html_report/market_opportunities.html
[INFO] 2025-06-13 14:50:40,030 market_engine: Report generated: file:///home/danbar/Desktop/skins-trading-bot/data/html_report/market_opportunities.html
[INFO] 2025-06-13 14:50:40,606 market_engine: Cycle completed in 27.7s. Next cycle in 272.3s
[INFO] 2025-06-13 14:51:32,076 market_engine: MarketEngine initialized
[INFO] 2025-06-13 14:51:35,441 market_engine: Starting market engine. Cycle interval: 300s
[INFO] 2025-06-13 14:51:35,441 market_engine: ------------------------------------------------------------
[INFO] 2025-06-13 14:51:35,441 market_engine: Starting cycle at 2025-06-13 14:51:35
[INFO] 2025-06-13 14:51:35,441 market_engine: Starting new analysis cycle
[INFO] 2025-06-13 14:51:35,441 market_engine: Starting Skinport data fetch...
[INFO] 2025-06-13 14:51:35,442 market_engine: Starting LisSkins data fetch...
[INFO] 2025-06-13 14:51:36,703 market_engine: Skinport fetch successful (25171 items)
[INFO] 2025-06-13 14:52:00,650 market_engine: LisSkins fetch successful (4 items)
[INFO] 2025-06-13 14:52:00,678 market_engine: Merging market data...
[INFO] 2025-06-13 14:52:02,732 market_engine: Merged data shape: (25636, 9)
[INFO] 2025-06-13 14:52:02,732 market_engine: Analyzing opportunities...
[INFO] 2025-06-13 14:52:02,739 market_engine: Found 200 opportunities
[INFO] 2025-06-13 14:52:02,739 market_engine: Generating report at data/html_report/market_opportunities.html
[INFO] 2025-06-13 14:52:02,759 market_engine: Report generated: file:///home/danbar/Desktop/skins-trading-bot/data/html_report/market_opportunities.html
[INFO] 2025-06-13 14:52:03,269 market_engine: Cycle completed in 27.8s. Next cycle in 272.2s
[INFO] 2025-06-13 14:56:35,441 market_engine: ------------------------------------------------------------
[INFO] 2025-06-13 14:56:35,441 market_engine: Starting cycle at 2025-06-13 14:56:35
[INFO] 2025-06-13 14:56:35,442 market_engine: Starting new analysis cycle
[INFO] 2025-06-13 14:56:35,442 market_engine: Starting Skinport data fetch...
[INFO] 2025-06-13 14:56:35,442 market_engine: Starting LisSkins data fetch...
[INFO] 2025-06-13 14:56:36,627 market_engine: Skinport fetch successful (25171 items)
[ERROR] 2025-06-13 14:56:52,087 market_engine: LisSkins returned no data
[ERROR] 2025-06-13 14:56:52,088 market_engine: Market fetch completed with errors: {'LisSkins': 'LisSkins returned None'}
[INFO] 2025-06-13 14:56:52,088 market_engine: Cycle completed in 16.6s. Next cycle in 283.4s
[INFO] 2025-06-13 14:57:19,054 market_engine: MarketEngine initialized
[INFO] 2025-06-13 14:58:44,603 market_engine: MarketEngine initialized
[INFO] 2025-06-13 15:21:28,220 market_engine: MarketEngine initialized
[INFO] 2025-06-13 15:22:58,463 market_engine: MarketEngine initialized
[INFO] 2025-06-13 15:23:01,928 market_engine: Starting market engine. Cycle interval: 300s
[INFO] 2025-06-13 15:23:01,928 market_engine: ------------------------------------------------------------
[INFO] 2025-06-13 15:23:01,928 market_engine: Starting cycle at 2025-06-13 15:23:01
[INFO] 2025-06-13 15:23:01,928 market_engine: Starting new analysis cycle
[INFO] 2025-06-13 15:23:01,929 market_engine: Starting Skinport data fetch...
[INFO] 2025-06-13 15:23:01,929 market_engine: Starting LisSkins data fetch...
[INFO] 2025-06-13 15:23:03,110 market_engine: Skinport fetch successful (25171 items)
[INFO] 2025-06-13 15:23:27,507 market_engine: LisSkins fetch successful (4 items)
[INFO] 2025-06-13 15:23:27,538 market_engine: Merging market data...
[INFO] 2025-06-13 15:23:29,787 market_engine: Merged data shape: (25632, 9)
[INFO] 2025-06-13 15:23:29,787 market_engine: Analyzing opportunities...
[INFO] 2025-06-13 15:23:29,795 market_engine: Found 200 opportunities
[INFO] 2025-06-13 15:23:29,795 market_engine: Generating report at data/html_report/market_opportunities.html
[INFO] 2025-06-13 15:23:29,816 market_engine: Report generated: file:///home/danbar/Desktop/skins-trading-bot/data/html_report/market_opportunities.html
[INFO] 2025-06-13 15:23:30,367 market_engine: Cycle completed in 28.4s. Next cycle in 271.6s
[INFO] 2025-06-13 15:25:19,600 market_engine: MarketEngine initialized
[INFO] 2025-06-13 15:29:11,238 market_engine: MarketEngine initialized
[INFO] 2025-06-13 15:29:26,740 market_engine: Starting market engine. Cycle interval: 300s
[INFO] 2025-06-13 15:29:26,740 market_engine: ------------------------------------------------------------
[INFO] 2025-06-13 15:29:26,740 market_engine: Starting cycle at 2025-06-13 15:29:26
[INFO] 2025-06-13 15:29:26,740 market_engine: Starting new analysis cycle
[INFO] 2025-06-13 15:29:26,740 market_engine: Starting Skinport data fetch...
[INFO] 2025-06-13 15:29:26,741 market_engine: Starting LisSkins data fetch...
[INFO] 2025-06-13 15:29:27,864 market_engine: Skinport fetch successful (25171 items)
[INFO] 2025-06-13 15:29:53,342 market_engine: LisSkins fetch successful (4 items)
[INFO] 2025-06-13 15:29:53,360 market_engine: Merging market data...
[INFO] 2025-06-13 15:29:55,489 market_engine: Merged data shape: (25632, 9)
[INFO] 2025-06-13 15:29:55,489 market_engine: Analyzing opportunities...
[INFO] 2025-06-13 15:29:55,496 market_engine: Found 39 opportunities
[INFO] 2025-06-13 15:29:55,496 market_engine: Generating report at data/html_report/market_opportunities.html
[INFO] 2025-06-13 15:29:55,509 market_engine: Report generated: file:///home/danbar/Desktop/skins-trading-bot/data/html_report/market_opportunities.html
[INFO] 2025-06-13 15:29:56,022 market_engine: Cycle completed in 29.3s. Next cycle in 270.7s
